ERROR - 2023-07-24 23:36:11 --> Error connecting to the database: mysqli_sql_exception: No se puede establecer una conexión ya que el equipo de destino denegó expresamente dicha conexión.
 in C:\xampp\htdocs\grondona_matias\system\Database\MySQLi\Connection.php:174
Stack trace:
#0 C:\xampp\htdocs\grondona_matias\system\Database\MySQLi\Connection.php(174): mysqli->real_connect('localhost', 'root', '', 'bd_grondona_mat...', 3306, '', 0)
#1 C:\xampp\htdocs\grondona_matias\system\Database\BaseConnection.php(391): CodeIgniter\Database\MySQLi\Connection->connect(false)
#2 C:\xampp\htdocs\grondona_matias\system\Database\BaseConnection.php(573): CodeIgniter\Database\BaseConnection->initialize()
#3 C:\xampp\htdocs\grondona_matias\system\Database\BaseBuilder.php(1616): CodeIgniter\Database\BaseConnection->query('SELECT *\nFROM `...', Array, false)
#4 C:\xampp\htdocs\grondona_matias\app\Models\ofertas_model.php(27): CodeIgniter\Database\BaseBuilder->get()
#5 C:\xampp\htdocs\grondona_matias\app\Controllers\Home.php(18): App\Models\Ofertas_model->getOfertasActivas()
#6 C:\xampp\htdocs\grondona_matias\app\Controllers\Home.php(12): App\Controllers\Home->home()
#7 C:\xampp\htdocs\grondona_matias\system\CodeIgniter.php(934): App\Controllers\Home->index()
#8 C:\xampp\htdocs\grondona_matias\system\CodeIgniter.php(499): CodeIgniter\CodeIgniter->runController(Object(App\Controllers\Home))
#9 C:\xampp\htdocs\grondona_matias\system\CodeIgniter.php(368): CodeIgniter\CodeIgniter->handleRequest(NULL, Object(Config\Cache), false)
#10 C:\xampp\htdocs\grondona_matias\index.php(67): CodeIgniter\CodeIgniter->run()
#11 {main}

Next CodeIgniter\Database\Exceptions\DatabaseException: No se puede establecer una conexión ya que el equipo de destino denegó expresamente dicha conexión.
 in C:\xampp\htdocs\grondona_matias\system\Database\MySQLi\Connection.php:218
Stack trace:
#0 C:\xampp\htdocs\grondona_matias\system\Database\BaseConnection.php(391): CodeIgniter\Database\MySQLi\Connection->connect(false)
#1 C:\xampp\htdocs\grondona_matias\system\Database\BaseConnection.php(573): CodeIgniter\Database\BaseConnection->initialize()
#2 C:\xampp\htdocs\grondona_matias\system\Database\BaseBuilder.php(1616): CodeIgniter\Database\BaseConnection->query('SELECT *\nFROM `...', Array, false)
#3 C:\xampp\htdocs\grondona_matias\app\Models\ofertas_model.php(27): CodeIgniter\Database\BaseBuilder->get()
#4 C:\xampp\htdocs\grondona_matias\app\Controllers\Home.php(18): App\Models\Ofertas_model->getOfertasActivas()
#5 C:\xampp\htdocs\grondona_matias\app\Controllers\Home.php(12): App\Controllers\Home->home()
#6 C:\xampp\htdocs\grondona_matias\system\CodeIgniter.php(934): App\Controllers\Home->index()
#7 C:\xampp\htdocs\grondona_matias\system\CodeIgniter.php(499): CodeIgniter\CodeIgniter->runController(Object(App\Controllers\Home))
#8 C:\xampp\htdocs\grondona_matias\system\CodeIgniter.php(368): CodeIgniter\CodeIgniter->handleRequest(NULL, Object(Config\Cache), false)
#9 C:\xampp\htdocs\grondona_matias\index.php(67): CodeIgniter\CodeIgniter->run()
#10 {main}
CRITICAL - 2023-07-24 23:36:11 --> Unable to connect to the database.
Main connection [MySQLi]: No se puede establecer una conexión ya que el equipo de destino denegó expresamente dicha conexión.

in SYSTEMPATH\Database\BaseConnection.php on line 427.
 1 SYSTEMPATH\Database\BaseConnection.php(573): CodeIgniter\Database\BaseConnection->initialize()
 2 SYSTEMPATH\Database\BaseBuilder.php(1616): CodeIgniter\Database\BaseConnection->query('SELECT *
FROM `ofertas`
JOIN `productos` ON `ofertas`.`id_producto` = `productos`.`id_producto`
JOIN `size` ON `productos`.`size` = `size`.`id_tamaño`
WHERE `baja_oferta` = :baja_oferta:', [...], false)
 3 APPPATH\Models\ofertas_model.php(27): CodeIgniter\Database\BaseBuilder->get()
 4 APPPATH\Controllers\Home.php(18): App\Models\Ofertas_model->getOfertasActivas()
 5 APPPATH\Controllers\Home.php(12): App\Controllers\Home->home()
 6 SYSTEMPATH\CodeIgniter.php(934): App\Controllers\Home->index()
 7 SYSTEMPATH\CodeIgniter.php(499): CodeIgniter\CodeIgniter->runController(Object(App\Controllers\Home))
 8 SYSTEMPATH\CodeIgniter.php(368): CodeIgniter\CodeIgniter->handleRequest(null, Object(Config\Cache), false)
 9 FCPATH\index.php(67): CodeIgniter\CodeIgniter->run()
INFO - 2023-07-24 23:36:16 --> Session: Class initialized using 'CodeIgniter\Session\Handlers\FileHandler' driver.
